<?xml version="1.0" encoding="UTF-8"?>
<testsuite name="runner.TestRunner" time="0.003" tests="29" errors="0" skipped="0" failures="0">
  <properties>
[...]
</properties>
  <testcase name="Given I open my browser" classname="Scenario: Create and save an account" time="0"/>
  <testcase name="And I visit my application" classname="Scenario: Create and save an account" time="0"/>
  <testcase name="And I enter &quot;test.user@gmail.com.test&quot; as username" classname="Scenario: Create and save an account" time="0"/>
  <testcase name="And I enter &quot;Welcome2&quot; as password" classname="Scenario: Create and save an account" time="0"/>
  <testcase name="When I click the login button" classname="Scenario: Create and save an account" time="0"/>
  <testcase name="Then I should see the dashboard page" classname="Scenario: Create and save an account" time="0"/>
  <testcase name="And I click the &quot;Accounts&quot; tab" classname="Scenario: Create and save an account" time="0"/>
  <testcase name="And I click the &quot;New&quot; button" classname="Scenario: Create and save an account" time="0"/>
  <testcase name="And I enter &quot;Muhammad&quot; in the account name field" classname="Scenario: Create and save an account" time="0"/>
  <testcase name="And I select &quot;Yes&quot; for the &quot;Active&quot; dropdown field" classname="Scenario: Create and save an account" time="0"/>
  <testcase name="And I click the &quot;Save&quot; button" classname="Scenario: Create and save an account" time="0"/>
  <testcase name="And I close the browser" classname="Scenario: Create and save an account" time="0"/>
  <testcase name="Scenario: Create and save an account" classname="Scenario: Create and save an account" time="0.001"/>
  <testcase name="Given I open the browser" classname="Scenario: Using valid credentials I should be able to login" time="0"/>
  <testcase name="And I visit the application" classname="Scenario: Using valid credentials I should be able to login" time="0"/>
  <testcase name="And I enter &quot;test.user@gmail.com.test&quot; as username" classname="Scenario: Using valid credentials I should be able to login" time="0"/>
  <testcase name="And I enter &quot;Welcome2&quot; as password" classname="Scenario: Using valid credentials I should be able to login" time="0"/>
  <testcase name="When I click the login button" classname="Scenario: Using valid credentials I should be able to login" time="0"/>
  <testcase name="Then I should see the dashboard page" classname="Scenario: Using valid credentials I should be able to login" time="0"/>
  <testcase name="And I close the browser" classname="Scenario: Using valid credentials I should be able to login" time="0"/>
  <testcase name="Scenario: Using valid credentials I should be able to login" classname="Scenario: Using valid credentials I should be able to login" time="0.001"/>
  <testcase name="Given I open the browser" classname="Scenario: Using in-valid credentials I should not be able to log in" time="0"/>
  <testcase name="And I visit the application" classname="Scenario: Using in-valid credentials I should not be able to log in" time="0"/>
  <testcase name="And I enter &quot;test.user222@gmail.com.test&quot; as username" classname="Scenario: Using in-valid credentials I should not be able to log in" time="0"/>
  <testcase name="And I enter &quot;Welcome222&quot; as password" classname="Scenario: Using in-valid credentials I should not be able to log in" time="0"/>
  <testcase name="When I click the login button" classname="Scenario: Using in-valid credentials I should not be able to log in" time="0"/>
  <testcase name="Then I should see and error message" classname="Scenario: Using in-valid credentials I should not be able to log in" time="0"/>
  <testcase name="And I close the browser" classname="Scenario: Using in-valid credentials I should not be able to log in" time="0"/>
  <testcase name="Scenario: Using in-valid credentials I should not be able to log in" classname="Scenario: Using in-valid credentials I should not be able to log in" time="0.001"/>
</testsuite>